INFO: Found elm at /usr/local/bin/elm
INFO: Found elm 0.19.1
INFO: Found elm-format at /Users/marc.mauger/.nvm/versions/node/v10.13.0/bin/elm-format
INFO: Found elm-format 0.8.3
INFO: Cleaning ./elm-stuff before upgrading
INFO: Converting elm-package.json -> elm.json
INFO: Detected an application project (this project has no exposed modules)
INFO: Switching from elm-lang/core (deprecated) to elm/core
INFO: Installing latest version of elm/core
INFO: Detected use of elm-lang/core#Json.Decode; installing elm/json
INFO: Detected use of elm-lang/core#Random; installing elm/random
INFO: Detected use of elm-lang/core#Time; installing elm/time
INFO: Switching from elm-lang/html (deprecated) to elm/html
INFO: Installing latest version of elm/html
INFO: Switching from elm-lang/animation-frame (deprecated) to elm/browser
INFO: Installing latest version of elm/browser
INFO: Installing latest version of elm-community/random-extra
WARNING: evancz/elm-graphics has not been upgraded to 0.19 yet!
WARNING: elm-lang/trampoline has not been upgraded to 0.19 yet!
INFO: Switching from elm-community/elm-test (deprecated) to elm-explorations/test
INFO: Installing latest version of elm-explorations/test
INFO: Installing latest version of elm-community/list-extra
INFO: Upgrading *.elm files in src/
INFO: Upgrading *.elm files in tests/
